  [4;36;1mSQL (0.0ms)[0m   [0;1mSET NAMES 'utf8'[0m
  [4;35;1mSQL (0.0ms)[0m   [0mSET SQL_AUTO_IS_NULL=0[0m
  [4;36;1mSQL (70.0ms)[0m   [0;1mSHOW TABLES[0m
  [4;35;1mSQL (209.0ms)[0m   [0mCREATE TABLE `schema_migrations` (`version` varchar(255) NOT NULL) ENGINE=InnoDB[0m
  [4;36;1mSQL (89.0ms)[0m   [0;1mCREATE UNIQUE INDEX `unique_schema_migrations` ON `schema_migrations` (`version`)[0m
  [4;35;1mSQL (2.0ms)[0m   [0mSHOW TABLES[0m
  [4;36;1mSQL (1.0ms)[0m   [0;1mSHOW TABLES[0m
  [4;35;1mSQL (1.0ms)[0m   [0mSELECT version FROM schema_migrations[0m
  [4;36;1mSQL (0.0ms)[0m   [0;1mSHOW TABLES[0m
  [4;36;1mSQL (0.0ms)[0m   [0;1mSET NAMES 'utf8'[0m
  [4;35;1mSQL (0.0ms)[0m   [0mSET SQL_AUTO_IS_NULL=0[0m
  [4;36;1mSQL (0.0ms)[0m   [0;1mSHOW TABLES[0m
  [4;35;1mSQL (0.0ms)[0m   [0mSELECT version FROM schema_migrations[0m
Migrating to CreateProducts (20100924132047)
  [4;36;1mSQL (5.0ms)[0m   [0;1mCREATE TABLE `products` (`id` int(11) DEFAULT NULL auto_increment PRIMARY KEY, `title` varchar(255), `description` text, `image_url` varchar(255), `created_at` datetime, `updated_at` datetime) ENGINE=InnoDB[0m
  [4;35;1mSQL (2.0ms)[0m   [0mINSERT INTO schema_migrations (version) VALUES ('20100924132047')[0m
  [4;36;1mSQL (1.0ms)[0m   [0;1mSHOW TABLES[0m
  [4;35;1mSQL (0.0ms)[0m   [0mSELECT version FROM schema_migrations[0m
  [4;36;1mSQL (0.0ms)[0m   [0;1mSHOW TABLES[0m
  [4;35;1mSQL (73.0ms)[0m   [0mSHOW FIELDS FROM `products`[0m
  [4;36;1mSQL (1.0ms)[0m   [0;1mdescribe `products`[0m
  [4;35;1mSQL (15.0ms)[0m   [0mSHOW KEYS FROM `products`[0m
  [4;36;1mSQL (0.0ms)[0m   [0;1mSET NAMES 'utf8'[0m
  [4;35;1mSQL (0.0ms)[0m   [0mSET SQL_AUTO_IS_NULL=0[0m


Processing ProductsController#index (for 127.0.0.1 at 2010-09-24 22:21:51) [GET]
  [4;36;1mProduct Load (0.0ms)[0m   [0;1mSELECT * FROM `products` [0m
Rendering template within layouts/products
Rendering products/index
Completed in 1991ms (View: 1984, DB: 0) | 200 OK [http://localhost/products]
  [4;35;1mSQL (0.0ms)[0m   [0mSET NAMES 'utf8'[0m
  [4;36;1mSQL (0.0ms)[0m   [0;1mSET SQL_AUTO_IS_NULL=0[0m


Processing ProductsController#new (for 127.0.0.1 at 2010-09-24 22:21:56) [GET]
  [4;35;1mProduct Columns (3.0ms)[0m   [0mSHOW FIELDS FROM `products`[0m
Rendering template within layouts/products
Rendering products/new
Completed in 19ms (View: 10, DB: 3) | 200 OK [http://localhost/products/new]
  [4;36;1mSQL (0.0ms)[0m   [0;1mSET NAMES 'utf8'[0m
  [4;35;1mSQL (0.0ms)[0m   [0mSET SQL_AUTO_IS_NULL=0[0m


Processing ProductsController#create (for 127.0.0.1 at 2010-09-24 22:23:00) [POST]
  Parameters: {"commit"=>"Create", "authenticity_token"=>"EZw9blDa77RhFeKZWOCsVC9jM5fJiTfpP1+VGh/anU8=", "product"=>{"image_url"=>"/image/iphone.png", "title"=>"my iphone", "description"=>"my iphone 2G"}}
  [4;36;1mProduct Columns (2.0ms)[0m   [0;1mSHOW FIELDS FROM `products`[0m
  [4;35;1mSQL (1.0ms)[0m   [0mBEGIN[0m
  [4;36;1mProduct Create (18.0ms)[0m   [0;1mINSERT INTO `products` (`created_at`, `title`, `image_url`, `updated_at`, `description`) VALUES('2010-09-24 14:23:00', 'my iphone', '/image/iphone.png', '2010-09-24 14:23:00', 'my iphone 2G')[0m
  [4;35;1mSQL (2.0ms)[0m   [0mCOMMIT[0m
Redirected to http://localhost:3000/products/1
Completed in 32ms (DB: 23) | 302 Found [http://localhost/products]
  [4;36;1mSQL (0.0ms)[0m   [0;1mSET NAMES 'utf8'[0m
  [4;35;1mSQL (0.0ms)[0m   [0mSET SQL_AUTO_IS_NULL=0[0m


Processing ProductsController#show (for 127.0.0.1 at 2010-09-24 22:23:00) [GET]
  Parameters: {"id"=>"1"}
  [4;36;1mProduct Columns (2.0ms)[0m   [0;1mSHOW FIELDS FROM `products`[0m
  [4;35;1mProduct Load (25.0ms)[0m   [0mSELECT * FROM `products` WHERE (`products`.`id` = 1) [0m
Rendering template within layouts/products
Rendering products/show
Completed in 41ms (View: 7, DB: 27) | 200 OK [http://localhost/products/1]
  [4;36;1mSQL (0.0ms)[0m   [0;1mSET NAMES 'utf8'[0m
  [4;35;1mSQL (0.0ms)[0m   [0mSET SQL_AUTO_IS_NULL=0[0m


Processing ProductsController#index (for 127.0.0.1 at 2010-09-24 22:23:06) [GET]
  [4;36;1mProduct Load (0.0ms)[0m   [0;1mSELECT * FROM `products` [0m
Rendering template within layouts/products
Rendering products/index
  [4;35;1mProduct Columns (2.0ms)[0m   [0mSHOW FIELDS FROM `products`[0m
Completed in 48ms (View: 40, DB: 2) | 200 OK [http://localhost/products]
  [4;36;1mSQL (0.0ms)[0m   [0;1mSET NAMES 'utf8'[0m
  [4;35;1mSQL (0.0ms)[0m   [0mSET SQL_AUTO_IS_NULL=0[0m


Processing ProductsController#show (for 127.0.0.1 at 2010-09-24 22:23:12) [GET]
  Parameters: {"id"=>"1"}
  [4;36;1mProduct Columns (2.0ms)[0m   [0;1mSHOW FIELDS FROM `products`[0m
  [4;35;1mProduct Load (0.0ms)[0m   [0mSELECT * FROM `products` WHERE (`products`.`id` = 1) [0m
Rendering template within layouts/products
Rendering products/show
Completed in 12ms (View: 3, DB: 2) | 200 OK [http://localhost/products/1]
  [4;36;1mSQL (0.0ms)[0m   [0;1mSET NAMES 'utf8'[0m
  [4;35;1mSQL (0.0ms)[0m   [0mSET SQL_AUTO_IS_NULL=0[0m


Processing ProductsController#index (for 127.0.0.1 at 2010-09-24 22:23:14) [GET]
  [4;36;1mProduct Load (1.0ms)[0m   [0;1mSELECT * FROM `products` [0m
Rendering template within layouts/products
Rendering products/index
  [4;35;1mProduct Columns (1.0ms)[0m   [0mSHOW FIELDS FROM `products`[0m
Completed in 15ms (View: 8, DB: 2) | 200 OK [http://localhost/products]
  [4;36;1mSQL (0.0ms)[0m   [0;1mSET NAMES 'utf8'[0m
  [4;35;1mSQL (0.0ms)[0m   [0mSET SQL_AUTO_IS_NULL=0[0m
  [4;36;1mSQL (1.0ms)[0m   [0;1mSHOW TABLES[0m
  [4;35;1mSQL (0.0ms)[0m   [0mSELECT version FROM schema_migrations[0m
Migrating to CreateProducts (20100924132047)
Migrating to AddPriceToProduct (20100924142648)
  [4;36;1mSQL (71.0ms)[0m   [0;1mALTER TABLE `products` ADD `price` decimal[0m
  [4;35;1mSQL (1.0ms)[0m   [0mINSERT INTO schema_migrations (version) VALUES ('20100924142648')[0m
  [4;36;1mSQL (1.0ms)[0m   [0;1mSHOW TABLES[0m
  [4;35;1mSQL (0.0ms)[0m   [0mSELECT version FROM schema_migrations[0m
  [4;36;1mSQL (1.0ms)[0m   [0;1mSHOW TABLES[0m
  [4;35;1mSQL (2.0ms)[0m   [0mSHOW FIELDS FROM `products`[0m
  [4;36;1mSQL (2.0ms)[0m   [0;1mdescribe `products`[0m
  [4;35;1mSQL (0.0ms)[0m   [0mSHOW KEYS FROM `products`[0m
  [4;36;1mSQL (0.0ms)[0m   [0;1mSET NAMES 'utf8'[0m
  [4;35;1mSQL (0.0ms)[0m   [0mSET SQL_AUTO_IS_NULL=0[0m


Processing ProductsController#index (for 127.0.0.1 at 2010-09-24 22:34:09) [GET]
  [4;36;1mProduct Load (0.0ms)[0m   [0;1mSELECT * FROM `products` [0m
Rendering template within layouts/products
Rendering products/index
  [4;35;1mProduct Columns (2.0ms)[0m   [0mSHOW FIELDS FROM `products`[0m
Completed in 65ms (View: 55, DB: 2) | 200 OK [http://localhost/products]
  [4;36;1mSQL (0.0ms)[0m   [0;1mSET NAMES 'utf8'[0m
  [4;35;1mSQL (0.0ms)[0m   [0mSET SQL_AUTO_IS_NULL=0[0m


Processing ProductsController#new (for 127.0.0.1 at 2010-09-24 22:34:12) [GET]
  [4;36;1mProduct Columns (2.0ms)[0m   [0;1mSHOW FIELDS FROM `products`[0m
Rendering template within layouts/products
Rendering products/new
Completed in 24ms (View: 14, DB: 2) | 200 OK [http://localhost/products/new]
  [4;35;1mSQL (0.0ms)[0m   [0mSET NAMES 'utf8'[0m
  [4;36;1mSQL (0.0ms)[0m   [0;1mSET SQL_AUTO_IS_NULL=0[0m


Processing ProductsController#index (for 127.0.0.1 at 2010-09-24 22:34:16) [GET]
  [4;35;1mProduct Load (1.0ms)[0m   [0mSELECT * FROM `products` [0m
Rendering template within layouts/products
Rendering products/index
  [4;36;1mProduct Columns (2.0ms)[0m   [0;1mSHOW FIELDS FROM `products`[0m
Completed in 19ms (View: 9, DB: 3) | 200 OK [http://localhost/products]
  [4;35;1mSQL (1.0ms)[0m   [0mSET NAMES 'utf8'[0m
  [4;36;1mSQL (0.0ms)[0m   [0;1mSET SQL_AUTO_IS_NULL=0[0m


Processing ProductsController#edit (for 127.0.0.1 at 2010-09-24 22:34:19) [GET]
  Parameters: {"id"=>"1"}
  [4;35;1mProduct Columns (3.0ms)[0m   [0mSHOW FIELDS FROM `products`[0m
  [4;36;1mProduct Load (0.0ms)[0m   [0;1mSELECT * FROM `products` WHERE (`products`.`id` = 1) [0m
Rendering template within layouts/products
Rendering products/edit
Completed in 27ms (View: 15, DB: 4) | 200 OK [http://localhost/products/1/edit]
  [4;35;1mSQL (0.0ms)[0m   [0mSET NAMES 'utf8'[0m
  [4;36;1mSQL (0.0ms)[0m   [0;1mSET SQL_AUTO_IS_NULL=0[0m


Processing ProductsController#update (for 127.0.0.1 at 2010-09-24 22:34:22) [PUT]
  Parameters: {"commit"=>"Update", "authenticity_token"=>"EZw9blDa77RhFeKZWOCsVC9jM5fJiTfpP1+VGh/anU8=", "id"=>"1", "product"=>{"price"=>"12", "image_url"=>"/image/iphone.png", "title"=>"my iphone", "description"=>"my iphone 2G"}}
  [4;35;1mProduct Columns (2.0ms)[0m   [0mSHOW FIELDS FROM `products`[0m
  [4;36;1mProduct Load (0.0ms)[0m   [0;1mSELECT * FROM `products` WHERE (`products`.`id` = 1) [0m
  [4;35;1mSQL (0.0ms)[0m   [0mBEGIN[0m
  [4;36;1mProduct Update (12.0ms)[0m   [0;1mUPDATE `products` SET `updated_at` = '2010-09-24 14:34:22', `price` = 12 WHERE `id` = 1[0m
  [4;35;1mSQL (2.0ms)[0m   [0mCOMMIT[0m
Redirected to http://localhost:3000/products/1
Completed in 33ms (DB: 16) | 302 Found [http://localhost/products/1]
  [4;36;1mSQL (0.0ms)[0m   [0;1mSET NAMES 'utf8'[0m
  [4;35;1mSQL (0.0ms)[0m   [0mSET SQL_AUTO_IS_NULL=0[0m


Processing ProductsController#show (for 127.0.0.1 at 2010-09-24 22:34:22) [GET]
  Parameters: {"id"=>"1"}
  [4;36;1mProduct Columns (2.0ms)[0m   [0;1mSHOW FIELDS FROM `products`[0m
  [4;35;1mProduct Load (0.0ms)[0m   [0mSELECT * FROM `products` WHERE (`products`.`id` = 1) [0m
Rendering template within layouts/products
Rendering products/show
Completed in 20ms (View: 9, DB: 2) | 200 OK [http://localhost/products/1]
  [4;36;1mSQL (0.0ms)[0m   [0;1mSET NAMES 'utf8'[0m
  [4;35;1mSQL (0.0ms)[0m   [0mSET SQL_AUTO_IS_NULL=0[0m


Processing ProductsController#index (for 127.0.0.1 at 2010-09-24 22:34:24) [GET]
  [4;36;1mProduct Load (0.0ms)[0m   [0;1mSELECT * FROM `products` [0m
Rendering template within layouts/products
Rendering products/index
  [4;35;1mProduct Columns (2.0ms)[0m   [0mSHOW FIELDS FROM `products`[0m
Completed in 19ms (View: 9, DB: 2) | 200 OK [http://localhost/products]
  [4;36;1mSQL (0.0ms)[0m   [0;1mSET NAMES 'utf8'[0m
  [4;35;1mSQL (0.0ms)[0m   [0mSET SQL_AUTO_IS_NULL=0[0m


Processing ProductsController#new (for 127.0.0.1 at 2010-09-24 22:34:27) [GET]
  [4;36;1mProduct Columns (4.0ms)[0m   [0;1mSHOW FIELDS FROM `products`[0m
Rendering template within layouts/products
Rendering products/new
Completed in 21ms (View: 9, DB: 4) | 200 OK [http://localhost/products/new]
  [4;35;1mSQL (0.0ms)[0m   [0mSET NAMES 'utf8'[0m
  [4;36;1mSQL (0.0ms)[0m   [0;1mSET SQL_AUTO_IS_NULL=0[0m


Processing ProductsController#new (for 127.0.0.1 at 2010-09-24 22:34:49) [GET]
  [4;35;1mProduct Columns (3.0ms)[0m   [0mSHOW FIELDS FROM `products`[0m
Rendering template within layouts/products
Rendering products/new
Completed in 23ms (View: 13, DB: 3) | 200 OK [http://localhost/products/new]
  [4;36;1mSQL (0.0ms)[0m   [0;1mSET NAMES 'utf8'[0m
  [4;35;1mSQL (0.0ms)[0m   [0mSET SQL_AUTO_IS_NULL=0[0m


Processing ProductsController#index (for 127.0.0.1 at 2010-09-24 22:34:53) [GET]
  [4;36;1mProduct Load (0.0ms)[0m   [0;1mSELECT * FROM `products` [0m
Rendering template within layouts/products
Rendering products/index
  [4;35;1mProduct Columns (2.0ms)[0m   [0mSHOW FIELDS FROM `products`[0m
Completed in 18ms (View: 9, DB: 2) | 200 OK [http://localhost/products]
  [4;36;1mSQL (0.0ms)[0m   [0;1mSET NAMES 'utf8'[0m
  [4;35;1mSQL (0.0ms)[0m   [0mSET SQL_AUTO_IS_NULL=0[0m


Processing ProductsController#new (for 127.0.0.1 at 2010-09-24 23:39:24) [GET]
  [4;36;1mProduct Columns (3.0ms)[0m   [0;1mSHOW FIELDS FROM `products`[0m
Rendering template within layouts/products
Rendering products/new
Completed in 19ms (View: 6, DB: 3) | 200 OK [http://localhost/products/new]
  [4;35;1mSQL (0.0ms)[0m   [0mSET NAMES 'utf8'[0m
  [4;36;1mSQL (1.0ms)[0m   [0;1mSET SQL_AUTO_IS_NULL=0[0m


Processing ProductsController#index (for 127.0.0.1 at 2010-09-24 23:42:02) [GET]
  [4;35;1mProduct Load (0.0ms)[0m   [0mSELECT * FROM `products` [0m
Rendering template within layouts/products
Rendering products/index
  [4;36;1mProduct Columns (3.0ms)[0m   [0;1mSHOW FIELDS FROM `products`[0m
Completed in 22ms (View: 9, DB: 4) | 200 OK [http://localhost/products]
  [4;35;1mSQL (0.0ms)[0m   [0mSET NAMES 'utf8'[0m
  [4;36;1mSQL (0.0ms)[0m   [0;1mSET SQL_AUTO_IS_NULL=0[0m


Processing ProductsController#index (for 127.0.0.1 at 2010-09-24 23:42:19) [GET]
  [4;35;1mProduct Load (0.0ms)[0m   [0mSELECT * FROM `products` [0m
Rendering template within layouts/products
Rendering products/index
  [4;36;1mProduct Columns (3.0ms)[0m   [0;1mSHOW FIELDS FROM `products`[0m
Completed in 52ms (View: 42, DB: 3) | 200 OK [http://localhost/products]
  [4;35;1mSQL (0.0ms)[0m   [0mSET NAMES 'utf8'[0m
  [4;36;1mSQL (0.0ms)[0m   [0;1mSET SQL_AUTO_IS_NULL=0[0m


Processing ProductsController#index (for 127.0.0.1 at 2010-09-24 23:42:20) [GET]
  [4;35;1mProduct Load (0.0ms)[0m   [0mSELECT * FROM `products` [0m
Rendering template within layouts/products
Rendering products/index
  [4;36;1mProduct Columns (1.0ms)[0m   [0;1mSHOW FIELDS FROM `products`[0m
Completed in 15ms (View: 8, DB: 1) | 200 OK [http://localhost/products]
  [4;35;1mSQL (1.0ms)[0m   [0mSET NAMES 'utf8'[0m
  [4;36;1mSQL (1.0ms)[0m   [0;1mSET SQL_AUTO_IS_NULL=0[0m


Processing ProductsController#index (for 127.0.0.1 at 2010-09-24 23:42:21) [GET]
  [4;35;1mProduct Load (0.0ms)[0m   [0mSELECT * FROM `products` [0m
Rendering template within layouts/products
Rendering products/index
  [4;36;1mProduct Columns (2.0ms)[0m   [0;1mSHOW FIELDS FROM `products`[0m
Completed in 15ms (View: 6, DB: 4) | 200 OK [http://localhost/products]
  [4;35;1mSQL (0.0ms)[0m   [0mSET NAMES 'utf8'[0m
  [4;36;1mSQL (0.0ms)[0m   [0;1mSET SQL_AUTO_IS_NULL=0[0m


Processing ProductsController#index (for 127.0.0.1 at 2010-09-24 23:42:21) [GET]
  [4;35;1mProduct Load (0.0ms)[0m   [0mSELECT * FROM `products` [0m
Rendering template within layouts/products
Rendering products/index
  [4;36;1mProduct Columns (2.0ms)[0m   [0;1mSHOW FIELDS FROM `products`[0m
Completed in 17ms (View: 7, DB: 2) | 200 OK [http://localhost/products]
  [4;35;1mSQL (1.0ms)[0m   [0mSET NAMES 'utf8'[0m
  [4;36;1mSQL (0.0ms)[0m   [0;1mSET SQL_AUTO_IS_NULL=0[0m


Processing ProductsController#index (for 127.0.0.1 at 2010-09-24 23:42:21) [GET]
  [4;35;1mProduct Load (0.0ms)[0m   [0mSELECT * FROM `products` [0m
Rendering template within layouts/products
Rendering products/index
  [4;36;1mProduct Columns (3.0ms)[0m   [0;1mSHOW FIELDS FROM `products`[0m
Completed in 16ms (View: 6, DB: 4) | 200 OK [http://localhost/products]
  [4;35;1mSQL (0.0ms)[0m   [0mSET NAMES 'utf8'[0m
  [4;36;1mSQL (0.0ms)[0m   [0;1mSET SQL_AUTO_IS_NULL=0[0m


Processing ProductsController#index (for 127.0.0.1 at 2010-09-24 23:42:22) [GET]
  [4;35;1mProduct Load (0.0ms)[0m   [0mSELECT * FROM `products` [0m
Rendering template within layouts/products
Rendering products/index
  [4;36;1mProduct Columns (2.0ms)[0m   [0;1mSHOW FIELDS FROM `products`[0m
Completed in 17ms (View: 6, DB: 2) | 200 OK [http://localhost/products]
  [4;35;1mSQL (0.0ms)[0m   [0mSET NAMES 'utf8'[0m
  [4;36;1mSQL (0.0ms)[0m   [0;1mSET SQL_AUTO_IS_NULL=0[0m


Processing ProductsController#index (for 127.0.0.1 at 2010-09-24 23:42:23) [GET]
  [4;35;1mProduct Load (1.0ms)[0m   [0mSELECT * FROM `products` [0m
Rendering template within layouts/products
Rendering products/index
  [4;36;1mProduct Columns (2.0ms)[0m   [0;1mSHOW FIELDS FROM `products`[0m
Completed in 15ms (View: 7, DB: 3) | 200 OK [http://localhost/products]
  [4;35;1mSQL (0.0ms)[0m   [0mSET NAMES 'utf8'[0m
  [4;36;1mSQL (0.0ms)[0m   [0;1mSET SQL_AUTO_IS_NULL=0[0m


Processing ProductsController#index (for 127.0.0.1 at 2010-09-24 23:45:16) [GET]
  [4;35;1mProduct Load (1.0ms)[0m   [0mSELECT * FROM `products` [0m
Rendering template within layouts/products
Rendering products/index
  [4;36;1mProduct Columns (2.0ms)[0m   [0;1mSHOW FIELDS FROM `products`[0m
Completed in 52ms (View: 43, DB: 3) | 200 OK [http://localhost/products]
  [4;35;1mSQL (0.0ms)[0m   [0mSET NAMES 'utf8'[0m
  [4;36;1mSQL (0.0ms)[0m   [0;1mSET SQL_AUTO_IS_NULL=0[0m


Processing ProductsController#new (for 127.0.0.1 at 2010-09-24 23:45:18) [GET]
  [4;35;1mProduct Columns (3.0ms)[0m   [0mSHOW FIELDS FROM `products`[0m
Rendering template within layouts/products
Rendering products/new
Completed in 18ms (View: 8, DB: 3) | 200 OK [http://localhost/products/new]
  [4;36;1mSQL (0.0ms)[0m   [0;1mSET NAMES 'utf8'[0m
  [4;35;1mSQL (0.0ms)[0m   [0mSET SQL_AUTO_IS_NULL=0[0m


Processing ProductsController#create (for 127.0.0.1 at 2010-09-24 23:45:23) [POST]
  Parameters: {"commit"=>"Create", "authenticity_token"=>"EZw9blDa77RhFeKZWOCsVC9jM5fJiTfpP1+VGh/anU8=", "product"=>{"price"=>"1dfa", "image_url"=>"", "title"=>"fdsa", "description"=>"fda"}}
  [4;36;1mProduct Columns (2.0ms)[0m   [0;1mSHOW FIELDS FROM `products`[0m
  [4;35;1mSQL (0.0ms)[0m   [0mBEGIN[0m
  [4;36;1mSQL (0.0ms)[0m   [0;1mROLLBACK[0m
Rendering template within layouts/products
Rendering products/new
Completed in 27ms (View: 16, DB: 2) | 200 OK [http://localhost/products]
  [4;35;1mSQL (0.0ms)[0m   [0mSET NAMES 'utf8'[0m
  [4;36;1mSQL (0.0ms)[0m   [0;1mSET SQL_AUTO_IS_NULL=0[0m


Processing ProductsController#create (for 127.0.0.1 at 2010-09-24 23:45:32) [POST]
  Parameters: {"commit"=>"Create", "authenticity_token"=>"EZw9blDa77RhFeKZWOCsVC9jM5fJiTfpP1+VGh/anU8=", "product"=>{"price"=>"1dfa", "image_url"=>"eqweqw", "title"=>"fdsa", "description"=>""}}
  [4;35;1mProduct Columns (3.0ms)[0m   [0mSHOW FIELDS FROM `products`[0m
  [4;36;1mSQL (0.0ms)[0m   [0;1mBEGIN[0m
  [4;35;1mSQL (0.0ms)[0m   [0mROLLBACK[0m
Rendering template within layouts/products
Rendering products/new
Completed in 29ms (View: 17, DB: 3) | 200 OK [http://localhost/products]
  [4;36;1mSQL (1.0ms)[0m   [0;1mSET NAMES 'utf8'[0m
  [4;35;1mSQL (1.0ms)[0m   [0mSET SQL_AUTO_IS_NULL=0[0m


Processing ProductsController#create (for 127.0.0.1 at 2010-09-24 23:46:35) [POST]
  Parameters: {"commit"=>"Create", "authenticity_token"=>"EZw9blDa77RhFeKZWOCsVC9jM5fJiTfpP1+VGh/anU8=", "product"=>{"price"=>"1dfa", "image_url"=>"eqweqw", "title"=>"fdsa", "description"=>""}}
  [4;36;1mProduct Columns (2.0ms)[0m   [0;1mSHOW FIELDS FROM `products`[0m
  [4;35;1mSQL (0.0ms)[0m   [0mBEGIN[0m
  [4;36;1mSQL (0.0ms)[0m   [0;1mROLLBACK[0m
Rendering template within layouts/products
Rendering products/new
Completed in 32ms (View: 21, DB: 4) | 200 OK [http://localhost/products]
  [4;35;1mSQL (0.0ms)[0m   [0mSET NAMES 'utf8'[0m
  [4;36;1mSQL (0.0ms)[0m   [0;1mSET SQL_AUTO_IS_NULL=0[0m


Processing ProductsController#create (for 127.0.0.1 at 2010-09-24 23:49:09) [POST]
  Parameters: {"commit"=>"Create", "authenticity_token"=>"EZw9blDa77RhFeKZWOCsVC9jM5fJiTfpP1+VGh/anU8=", "product"=>{"price"=>"0", "image_url"=>"eqweqw", "title"=>"fdsa", "description"=>"dafds"}}
  [4;35;1mSQL (1.0ms)[0m   [0mSHOW TABLES[0m
  [4;36;1mProduct Columns (2.0ms)[0m   [0;1mSHOW FIELDS FROM `products`[0m
  [4;35;1mSQL (1.0ms)[0m   [0mSHOW TABLES[0m
  [4;36;1mProduct Columns (2.0ms)[0m   [0;1mSHOW FIELDS FROM `products`[0m

NameError (undefined local variable or method `protectued' for #<Class:0x4aa22c8>):
  app/models/product.rb:6
  app/controllers/products_controller.rb:43:in `create'
  c:/Ruby187/lib/ruby/1.8/webrick/httpserver.rb:104:in `service'
  c:/Ruby187/lib/ruby/1.8/webrick/httpserver.rb:65:in `run'
  c:/Ruby187/lib/ruby/1.8/webrick/server.rb:173:in `start_thread'
  c:/Ruby187/lib/ruby/1.8/webrick/server.rb:162:in `start'
  c:/Ruby187/lib/ruby/1.8/webrick/server.rb:162:in `start_thread'
  c:/Ruby187/lib/ruby/1.8/webrick/server.rb:95:in `start'
  c:/Ruby187/lib/ruby/1.8/webrick/server.rb:92:in `each'
  c:/Ruby187/lib/ruby/1.8/webrick/server.rb:92:in `start'
  c:/Ruby187/lib/ruby/1.8/webrick/server.rb:23:in `start'
  c:/Ruby187/lib/ruby/1.8/webrick/server.rb:82:in `start'

Rendered rescues/_trace (75.0ms)
Rendered rescues/_request_and_response (1.0ms)
Rendering rescues/layout (internal_server_error)
  [4;35;1mSQL (0.0ms)[0m   [0mSET NAMES 'utf8'[0m
  [4;36;1mSQL (0.0ms)[0m   [0;1mSET SQL_AUTO_IS_NULL=0[0m


Processing ProductsController#create (for 127.0.0.1 at 2010-09-24 23:49:56) [POST]
  Parameters: {"commit"=>"Create", "authenticity_token"=>"EZw9blDa77RhFeKZWOCsVC9jM5fJiTfpP1+VGh/anU8=", "product"=>{"price"=>"0", "image_url"=>"eqweqw", "title"=>"fdsa", "description"=>"dafds"}}
  [4;35;1mProduct Columns (3.0ms)[0m   [0mSHOW FIELDS FROM `products`[0m
  [4;36;1mSQL (0.0ms)[0m   [0;1mBEGIN[0m
  [4;35;1mSQL (1.0ms)[0m   [0mROLLBACK[0m
Rendering template within layouts/products
Rendering products/new
Completed in 28ms (View: 12, DB: 4) | 200 OK [http://localhost/products]
  [4;36;1mSQL (0.0ms)[0m   [0;1mSET NAMES 'utf8'[0m
  [4;35;1mSQL (0.0ms)[0m   [0mSET SQL_AUTO_IS_NULL=0[0m


Processing ProductsController#create (for 127.0.0.1 at 2010-09-24 23:50:04) [POST]
  Parameters: {"commit"=>"Create", "authenticity_token"=>"EZw9blDa77RhFeKZWOCsVC9jM5fJiTfpP1+VGh/anU8=", "product"=>{"price"=>"0.003", "image_url"=>"eqweqw", "title"=>"fdsa", "description"=>"dafds"}}
  [4;36;1mProduct Columns (2.0ms)[0m   [0;1mSHOW FIELDS FROM `products`[0m
  [4;35;1mSQL (0.0ms)[0m   [0mBEGIN[0m
  [4;36;1mSQL (0.0ms)[0m   [0;1mROLLBACK[0m
Rendering template within layouts/products
Rendering products/new
Completed in 25ms (View: 14, DB: 2) | 200 OK [http://localhost/products]
  [4;35;1mSQL (0.0ms)[0m   [0mSET NAMES 'utf8'[0m
  [4;36;1mSQL (0.0ms)[0m   [0;1mSET SQL_AUTO_IS_NULL=0[0m


Processing ProductsController#create (for 127.0.0.1 at 2010-09-24 23:50:08) [POST]
  Parameters: {"commit"=>"Create", "authenticity_token"=>"EZw9blDa77RhFeKZWOCsVC9jM5fJiTfpP1+VGh/anU8=", "product"=>{"price"=>"0.01", "image_url"=>"eqweqw", "title"=>"fdsa", "description"=>"dafds"}}
  [4;35;1mProduct Columns (2.0ms)[0m   [0mSHOW FIELDS FROM `products`[0m
  [4;36;1mSQL (1.0ms)[0m   [0;1mBEGIN[0m
  [4;35;1mSQL (0.0ms)[0m   [0mROLLBACK[0m
Rendering template within layouts/products
Rendering products/new
Completed in 26ms (View: 14, DB: 3) | 200 OK [http://localhost/products]
  [4;36;1mSQL (0.0ms)[0m   [0;1mSET NAMES 'utf8'[0m
  [4;35;1mSQL (0.0ms)[0m   [0mSET SQL_AUTO_IS_NULL=0[0m


Processing ProductsController#create (for 127.0.0.1 at 2010-09-24 23:50:31) [POST]
  Parameters: {"commit"=>"Create", "authenticity_token"=>"EZw9blDa77RhFeKZWOCsVC9jM5fJiTfpP1+VGh/anU8=", "product"=>{"price"=>"0.02", "image_url"=>"eqweqw", "title"=>"fdsa", "description"=>"dafds"}}
  [4;36;1mProduct Columns (2.0ms)[0m   [0;1mSHOW FIELDS FROM `products`[0m
  [4;35;1mSQL (0.0ms)[0m   [0mBEGIN[0m
  [4;36;1mSQL (0.0ms)[0m   [0;1mROLLBACK[0m
Rendering template within layouts/products
Rendering products/new
Completed in 32ms (View: 18, DB: 2) | 200 OK [http://localhost/products]
  [4;35;1mSQL (1.0ms)[0m   [0mSET NAMES 'utf8'[0m
  [4;36;1mSQL (1.0ms)[0m   [0;1mSET SQL_AUTO_IS_NULL=0[0m


Processing ProductsController#create (for 127.0.0.1 at 2010-09-24 23:50:37) [POST]
  Parameters: {"commit"=>"Create", "authenticity_token"=>"EZw9blDa77RhFeKZWOCsVC9jM5fJiTfpP1+VGh/anU8=", "product"=>{"price"=>"1", "image_url"=>"eqweqw", "title"=>"fdsa", "description"=>"dafds"}}
  [4;35;1mProduct Columns (2.0ms)[0m   [0mSHOW FIELDS FROM `products`[0m
  [4;36;1mSQL (0.0ms)[0m   [0;1mBEGIN[0m
  [4;35;1mProduct Create (1.0ms)[0m   [0mINSERT INTO `products` (`price`, `created_at`, `title`, `image_url`, `updated_at`, `description`) VALUES(1, '2010-09-24 15:50:37', 'fdsa', 'eqweqw', '2010-09-24 15:50:37', 'dafds')[0m
  [4;36;1mSQL (2.0ms)[0m   [0;1mCOMMIT[0m
Redirected to http://localhost:3000/products/2
Completed in 19ms (DB: 7) | 302 Found [http://localhost/products]
  [4;35;1mSQL (0.0ms)[0m   [0mSET NAMES 'utf8'[0m
  [4;36;1mSQL (0.0ms)[0m   [0;1mSET SQL_AUTO_IS_NULL=0[0m


Processing ProductsController#show (for 127.0.0.1 at 2010-09-24 23:50:38) [GET]
  Parameters: {"id"=>"2"}
  [4;35;1mProduct Columns (2.0ms)[0m   [0mSHOW FIELDS FROM `products`[0m
  [4;36;1mProduct Load (0.0ms)[0m   [0;1mSELECT * FROM `products` WHERE (`products`.`id` = 2) [0m
Rendering template within layouts/products
Rendering products/show
Completed in 18ms (View: 9, DB: 2) | 200 OK [http://localhost/products/2]
  [4;35;1mSQL (0.0ms)[0m   [0mSET NAMES 'utf8'[0m
  [4;36;1mSQL (0.0ms)[0m   [0;1mSET SQL_AUTO_IS_NULL=0[0m


Processing ProductsController#index (for 127.0.0.1 at 2010-09-24 23:50:42) [GET]
  [4;35;1mProduct Load (0.0ms)[0m   [0mSELECT * FROM `products` [0m
Rendering template within layouts/products
Rendering products/index
  [4;36;1mProduct Columns (2.0ms)[0m   [0;1mSHOW FIELDS FROM `products`[0m
Completed in 19ms (View: 10, DB: 2) | 200 OK [http://localhost/products]
  [4;35;1mSQL (0.0ms)[0m   [0mSET NAMES 'utf8'[0m
  [4;36;1mSQL (0.0ms)[0m   [0;1mSET SQL_AUTO_IS_NULL=0[0m


Processing ProductsController#new (for 127.0.0.1 at 2010-09-24 23:52:11) [GET]
  [4;35;1mProduct Columns (3.0ms)[0m   [0mSHOW FIELDS FROM `products`[0m
Rendering template within layouts/products
Rendering products/new
Completed in 20ms (View: 7, DB: 3) | 200 OK [http://localhost/products/new]
  [4;36;1mSQL (0.0ms)[0m   [0;1mSET NAMES 'utf8'[0m
  [4;35;1mSQL (0.0ms)[0m   [0mSET SQL_AUTO_IS_NULL=0[0m


Processing ProductsController#create (for 127.0.0.1 at 2010-09-24 23:52:16) [POST]
  Parameters: {"commit"=>"Create", "authenticity_token"=>"EZw9blDa77RhFeKZWOCsVC9jM5fJiTfpP1+VGh/anU8=", "product"=>{"price"=>"", "image_url"=>"", "title"=>"my iphone", "description"=>""}}
  [4;36;1mProduct Columns (2.0ms)[0m   [0;1mSHOW FIELDS FROM `products`[0m
  [4;35;1mSQL (0.0ms)[0m   [0mBEGIN[0m
  [4;36;1mProduct Load (37.0ms)[0m   [0;1mSELECT `products`.id FROM `products` WHERE (`products`.`title` = BINARY 'my iphone') LIMIT 1[0m
  [4;35;1mSQL (1.0ms)[0m   [0mROLLBACK[0m
Rendering template within layouts/products
Rendering products/new
Completed in 75ms (View: 24, DB: 40) | 200 OK [http://localhost/products]
  [4;36;1mSQL (0.0ms)[0m   [0;1mSET NAMES 'utf8'[0m
  [4;35;1mSQL (0.0ms)[0m   [0mSET SQL_AUTO_IS_NULL=0[0m


Processing ProductsController#create (for 127.0.0.1 at 2010-09-24 23:54:38) [POST]
  Parameters: {"commit"=>"Create", "authenticity_token"=>"EZw9blDa77RhFeKZWOCsVC9jM5fJiTfpP1+VGh/anU8=", "product"=>{"price"=>"", "image_url"=>"", "title"=>"my iphone", "description"=>""}}
  [4;36;1mProduct Columns (4.0ms)[0m   [0;1mSHOW FIELDS FROM `products`[0m
  [4;35;1mSQL (0.0ms)[0m   [0mBEGIN[0m
  [4;36;1mProduct Load (0.0ms)[0m   [0;1mSELECT `products`.id FROM `products` WHERE (`products`.`title` = BINARY 'my iphone') LIMIT 1[0m
  [4;35;1mSQL (0.0ms)[0m   [0mROLLBACK[0m
Rendering template within layouts/products
Rendering products/new
Completed in 45ms (View: 25, DB: 4) | 200 OK [http://localhost/products]
  [4;36;1mSQL (0.0ms)[0m   [0;1mSET NAMES 'utf8'[0m
  [4;35;1mSQL (0.0ms)[0m   [0mSET SQL_AUTO_IS_NULL=0[0m


Processing ProductsController#create (for 127.0.0.1 at 2010-09-24 23:54:51) [POST]
  Parameters: {"commit"=>"Create", "authenticity_token"=>"EZw9blDa77RhFeKZWOCsVC9jM5fJiTfpP1+VGh/anU8=", "product"=>{"price"=>"0.5", "image_url"=>"", "title"=>"my iphone 2", "description"=>"fda"}}
  [4;36;1mProduct Columns (3.0ms)[0m   [0;1mSHOW FIELDS FROM `products`[0m
  [4;35;1mSQL (0.0ms)[0m   [0mBEGIN[0m
  [4;36;1mProduct Load (0.0ms)[0m   [0;1mSELECT `products`.id FROM `products` WHERE (`products`.`title` = BINARY 'my iphone 2') LIMIT 1[0m
  [4;35;1mSQL (0.0ms)[0m   [0mROLLBACK[0m
Rendering template within layouts/products
Rendering products/new
Completed in 68ms (View: 55, DB: 3) | 200 OK [http://localhost/products]
  [4;36;1mSQL (0.0ms)[0m   [0;1mSET NAMES 'utf8'[0m
  [4;35;1mSQL (0.0ms)[0m   [0mSET SQL_AUTO_IS_NULL=0[0m


Processing ProductsController#create (for 127.0.0.1 at 2010-09-24 23:55:07) [POST]
  Parameters: {"commit"=>"Create", "authenticity_token"=>"EZw9blDa77RhFeKZWOCsVC9jM5fJiTfpP1+VGh/anU8=", "product"=>{"price"=>"0.1", "image_url"=>"ffda.dfa", "title"=>"my iphone 2", "description"=>"fda"}}
  [4;36;1mProduct Columns (2.0ms)[0m   [0;1mSHOW FIELDS FROM `products`[0m
  [4;35;1mSQL (0.0ms)[0m   [0mBEGIN[0m
  [4;36;1mProduct Load (1.0ms)[0m   [0;1mSELECT `products`.id FROM `products` WHERE (`products`.`title` = BINARY 'my iphone 2') LIMIT 1[0m
  [4;35;1mSQL (0.0ms)[0m   [0mROLLBACK[0m
Rendering template within layouts/products
Rendering products/new
Completed in 31ms (View: 18, DB: 3) | 200 OK [http://localhost/products]
  [4;36;1mSQL (0.0ms)[0m   [0;1mSET NAMES 'utf8'[0m
  [4;35;1mSQL (0.0ms)[0m   [0mSET SQL_AUTO_IS_NULL=0[0m


Processing ProductsController#create (for 127.0.0.1 at 2010-09-24 23:55:17) [POST]
  Parameters: {"commit"=>"Create", "authenticity_token"=>"EZw9blDa77RhFeKZWOCsVC9jM5fJiTfpP1+VGh/anU8=", "product"=>{"price"=>"2", "image_url"=>"ffda.dfa", "title"=>"my iphone 2", "description"=>"fda"}}
  [4;36;1mProduct Columns (2.0ms)[0m   [0;1mSHOW FIELDS FROM `products`[0m
  [4;35;1mSQL (0.0ms)[0m   [0mBEGIN[0m
  [4;36;1mProduct Load (0.0ms)[0m   [0;1mSELECT `products`.id FROM `products` WHERE (`products`.`title` = BINARY 'my iphone 2') LIMIT 1[0m
  [4;35;1mSQL (0.0ms)[0m   [0mROLLBACK[0m
Rendering template within layouts/products
Rendering products/new
Completed in 36ms (View: 20, DB: 2) | 200 OK [http://localhost/products]
  [4;36;1mSQL (0.0ms)[0m   [0;1mSET NAMES 'utf8'[0m
  [4;35;1mSQL (1.0ms)[0m   [0mSET SQL_AUTO_IS_NULL=0[0m


Processing ProductsController#create (for 127.0.0.1 at 2010-09-24 23:55:22) [POST]
  Parameters: {"commit"=>"Create", "authenticity_token"=>"EZw9blDa77RhFeKZWOCsVC9jM5fJiTfpP1+VGh/anU8=", "product"=>{"price"=>"2", "image_url"=>"a.jpg", "title"=>"my iphone 2", "description"=>"fda"}}
  [4;36;1mProduct Columns (3.0ms)[0m   [0;1mSHOW FIELDS FROM `products`[0m
  [4;35;1mSQL (0.0ms)[0m   [0mBEGIN[0m
  [4;36;1mProduct Load (0.0ms)[0m   [0;1mSELECT `products`.id FROM `products` WHERE (`products`.`title` = BINARY 'my iphone 2') LIMIT 1[0m
  [4;35;1mProduct Create (0.0ms)[0m   [0mINSERT INTO `products` (`price`, `created_at`, `title`, `image_url`, `updated_at`, `description`) VALUES(2, '2010-09-24 15:55:23', 'my iphone 2', 'a.jpg', '2010-09-24 15:55:23', 'fda')[0m
  [4;36;1mSQL (2.0ms)[0m   [0;1mCOMMIT[0m
Redirected to http://localhost:3000/products/3
Completed in 21ms (DB: 6) | 302 Found [http://localhost/products]
  [4;35;1mSQL (0.0ms)[0m   [0mSET NAMES 'utf8'[0m
  [4;36;1mSQL (0.0ms)[0m   [0;1mSET SQL_AUTO_IS_NULL=0[0m


Processing ProductsController#show (for 127.0.0.1 at 2010-09-24 23:55:24) [GET]
  Parameters: {"id"=>"3"}
  [4;35;1mProduct Columns (3.0ms)[0m   [0mSHOW FIELDS FROM `products`[0m
  [4;36;1mProduct Load (0.0ms)[0m   [0;1mSELECT * FROM `products` WHERE (`products`.`id` = 3) [0m
Rendering template within layouts/products
Rendering products/show
Completed in 18ms (View: 4, DB: 3) | 200 OK [http://localhost/products/3]
  [4;35;1mSQL (0.0ms)[0m   [0mSET NAMES 'utf8'[0m
  [4;36;1mSQL (0.0ms)[0m   [0;1mSET SQL_AUTO_IS_NULL=0[0m


Processing ProductsController#index (for 127.0.0.1 at 2010-09-24 23:55:26) [GET]
  [4;35;1mProduct Load (1.0ms)[0m   [0mSELECT * FROM `products` [0m
Rendering template within layouts/products
Rendering products/index
  [4;36;1mProduct Columns (4.0ms)[0m   [0;1mSHOW FIELDS FROM `products`[0m
Completed in 27ms (View: 14, DB: 5) | 200 OK [http://localhost/products]
  [4;35;1mSQL (1.0ms)[0m   [0mSET NAMES 'utf8'[0m
  [4;36;1mSQL (0.0ms)[0m   [0;1mSET SQL_AUTO_IS_NULL=0[0m


Processing ProductsController#edit (for 127.0.0.1 at 2010-09-24 23:55:31) [GET]
  Parameters: {"id"=>"2"}
  [4;35;1mProduct Columns (2.0ms)[0m   [0mSHOW FIELDS FROM `products`[0m
  [4;36;1mProduct Load (0.0ms)[0m   [0;1mSELECT * FROM `products` WHERE (`products`.`id` = 2) [0m
Rendering template within layouts/products
Rendering products/edit
Completed in 16ms (View: 7, DB: 3) | 200 OK [http://localhost/products/2/edit]
  [4;35;1mSQL (0.0ms)[0m   [0mSET NAMES 'utf8'[0m
  [4;36;1mSQL (0.0ms)[0m   [0;1mSET SQL_AUTO_IS_NULL=0[0m


Processing ProductsController#update (for 127.0.0.1 at 2010-09-24 23:55:33) [PUT]
  Parameters: {"commit"=>"Update", "authenticity_token"=>"EZw9blDa77RhFeKZWOCsVC9jM5fJiTfpP1+VGh/anU8=", "id"=>"2", "product"=>{"price"=>"1", "image_url"=>"eqweqw", "title"=>"fdsa", "description"=>"dafds"}}
  [4;35;1mProduct Columns (2.0ms)[0m   [0mSHOW FIELDS FROM `products`[0m
  [4;36;1mProduct Load (0.0ms)[0m   [0;1mSELECT * FROM `products` WHERE (`products`.`id` = 2) [0m
  [4;35;1mSQL (0.0ms)[0m   [0mBEGIN[0m
  [4;36;1mProduct Load (11.0ms)[0m   [0;1mSELECT `products`.id FROM `products` WHERE (`products`.`title` = BINARY 'fdsa' AND `products`.id <> 2) LIMIT 1[0m
  [4;35;1mSQL (1.0ms)[0m   [0mROLLBACK[0m
Rendering template within layouts/products
Rendering products/edit
Completed in 43ms (View: 19, DB: 14) | 200 OK [http://localhost/products/2]
  [4;36;1mSQL (0.0ms)[0m   [0;1mSET NAMES 'utf8'[0m
  [4;35;1mSQL (0.0ms)[0m   [0mSET SQL_AUTO_IS_NULL=0[0m
  [4;36;1mSQL (1.0ms)[0m   [0;1mSHOW TABLES[0m
  [4;35;1mSQL (1.0ms)[0m   [0mSELECT version FROM schema_migrations[0m
Migrating to CreateProducts (20100924132047)
Migrating to AddPriceToProduct (20100924142648)
Migrating to AddTestData (20100924160500)
  [4;36;1mProduct Delete all (27.0ms)[0m   [0;1mDELETE FROM `products` [0m
  [4;35;1mProduct Columns (2.0ms)[0m   [0mSHOW FIELDS FROM `products`[0m
  [4;36;1mSQL (0.0ms)[0m   [0;1mBEGIN[0m
  [4;35;1mProduct Load (0.0ms)[0m   [0mSELECT `products`.id FROM `products` WHERE (`products`.`title` = BINARY 'Pragmatic Project Automation') LIMIT 1[0m
  [4;36;1mProduct Create (1.0ms)[0m   [0;1mINSERT INTO `products` (`price`, `created_at`, `title`, `image_url`, `updated_at`, `description`) VALUES(29, '2010-09-24 16:09:46', 'Pragmatic Project Automation', '/images/auto.jpg', '2010-09-24 16:09:46', '<p>\n <em>Pragmatic Project Automation</em> shows you how to improve the \n consistency and repeatability of your project\'s procedures using \n automation to reduce risk and errors.\n </p>\n <p>\n Simply put, we\'re going to put this thing called a computer to work \n for you doing the mundane (but important) project stuff. That means \n you\'ll have more time and energy to do the really \n exciting---and difficult---stuff, like writing quality code.\n </p>')[0m
  [4;35;1mSQL (2.0ms)[0m   [0mCOMMIT[0m
  [4;36;1mSQL (1.0ms)[0m   [0;1mBEGIN[0m
  [4;35;1mProduct Load (0.0ms)[0m   [0mSELECT `products`.id FROM `products` WHERE (`products`.`title` = BINARY 'Pragmatic Version Control') LIMIT 1[0m
  [4;36;1mProduct Create (0.0ms)[0m   [0;1mINSERT INTO `products` (`price`, `created_at`, `title`, `image_url`, `updated_at`, `description`) VALUES(28, '2010-09-24 16:09:46', 'Pragmatic Version Control', '/images/svn.jpg', '2010-09-24 16:09:46', '<p>\n This book is a recipe-based approach to using Subversion that will \n get you up and running quickly---and correctly. All projects need\n version control: it\'s a foundational piece of any project\'s \n infrastructure. Yet half of all project teams in the U.S. don\'t use\n any version control at all. Many others don\'t use it well, and end \n up experiencing time-consuming problems.\n </p>')[0m
  [4;35;1mSQL (1.0ms)[0m   [0mCOMMIT[0m
  [4;36;1mSQL (0.0ms)[0m   [0;1mBEGIN[0m
  [4;35;1mProduct Load (0.0ms)[0m   [0mSELECT `products`.id FROM `products` WHERE (`products`.`title` = BINARY 'Pragmatic Unit Testing (C#)') LIMIT 1[0m
  [4;36;1mProduct Create (0.0ms)[0m   [0;1mINSERT INTO `products` (`price`, `created_at`, `title`, `image_url`, `updated_at`, `description`) VALUES(27, '2010-09-24 16:09:46', 'Pragmatic Unit Testing (C#)', '/images/utc.jpg', '2010-09-24 16:09:46', '<p>\n Pragmatic programmers use feedback to drive their development and \n personal processes. The most valuable feedback you can get while \n coding comes from unit testing.\n </p>\n <p>\n Without good tests in place, coding can become a frustrating game of \n \"whack-a-mole.\" That\'s the carnival game where the player strikes at a \n mechanical mole; it retreats and another mole pops up on the opposite side \n of the field. The moles pop up and down so fast that you end up flailing \n your mallet helplessly as the moles continue to pop up where you least \n expect them.\n </p>')[0m
  [4;35;1mSQL (1.0ms)[0m   [0mCOMMIT[0m
  [4;36;1mSQL (1.0ms)[0m   [0;1mINSERT INTO schema_migrations (version) VALUES ('20100924160500')[0m
  [4;35;1mSQL (0.0ms)[0m   [0mSHOW TABLES[0m
  [4;36;1mSQL (0.0ms)[0m   [0;1mSELECT version FROM schema_migrations[0m
  [4;35;1mSQL (0.0ms)[0m   [0mSHOW TABLES[0m
  [4;36;1mSQL (2.0ms)[0m   [0;1mSHOW FIELDS FROM `products`[0m
  [4;35;1mSQL (2.0ms)[0m   [0mdescribe `products`[0m
  [4;36;1mSQL (1.0ms)[0m   [0;1mSHOW KEYS FROM `products`[0m
  [4;36;1mSQL (0.0ms)[0m   [0;1mSET NAMES 'utf8'[0m
  [4;35;1mSQL (0.0ms)[0m   [0mSET SQL_AUTO_IS_NULL=0[0m


Processing ProductsController#index (for 127.0.0.1 at 2010-09-25 00:09:53) [GET]
  [4;36;1mProduct Load (1.0ms)[0m   [0;1mSELECT * FROM `products` [0m
Rendering template within layouts/products
Rendering products/index
  [4;35;1mProduct Columns (3.0ms)[0m   [0mSHOW FIELDS FROM `products`[0m
Completed in 27ms (View: 14, DB: 4) | 200 OK [http://localhost/products]
  [4;36;1mSQL (0.0ms)[0m   [0;1mSET NAMES 'utf8'[0m
  [4;35;1mSQL (0.0ms)[0m   [0mSET SQL_AUTO_IS_NULL=0[0m


Processing ProductsController#index (for 127.0.0.1 at 2010-09-25 00:12:55) [GET]
  [4;36;1mProduct Load (0.0ms)[0m   [0;1mSELECT * FROM `products` [0m
Rendering template within layouts/products
Rendering products/index
  [4;35;1mProduct Columns (2.0ms)[0m   [0mSHOW FIELDS FROM `products`[0m
Completed in 30ms (View: 17, DB: 2) | 200 OK [http://localhost/products]
  [4;36;1mSQL (0.0ms)[0m   [0;1mSET NAMES 'utf8'[0m
  [4;35;1mSQL (0.0ms)[0m   [0mSET SQL_AUTO_IS_NULL=0[0m


Processing ProductsController#index (for 127.0.0.1 at 2010-09-25 00:14:05) [GET]
  [4;36;1mProduct Load (1.0ms)[0m   [0;1mSELECT * FROM `products` [0m
Rendering template within layouts/products
Rendering products/index
  [4;35;1mProduct Columns (3.0ms)[0m   [0mSHOW FIELDS FROM `products`[0m
Completed in 35ms (View: 22, DB: 4) | 200 OK [http://localhost/products]
  [4;36;1mSQL (0.0ms)[0m   [0;1mSET NAMES 'utf8'[0m
  [4;35;1mSQL (0.0ms)[0m   [0mSET SQL_AUTO_IS_NULL=0[0m


Processing ProductsController#index (for 127.0.0.1 at 2010-09-25 00:20:58) [GET]
  [4;36;1mProduct Load (0.0ms)[0m   [0;1mSELECT * FROM `products` [0m
Rendering template within layouts/products
Rendering products/index
  [4;35;1mProduct Columns (3.0ms)[0m   [0mSHOW FIELDS FROM `products`[0m
Completed in 60ms (View: 50, DB: 3) | 200 OK [http://localhost/products]
  [4;36;1mSQL (1.0ms)[0m   [0;1mSET NAMES 'utf8'[0m
  [4;35;1mSQL (0.0ms)[0m   [0mSET SQL_AUTO_IS_NULL=0[0m


Processing ApplicationController#index (for 127.0.0.1 at 2010-09-26 10:55:02) [GET]

ActionController::RoutingError (No route matches "/users/show" with {:method=>:get}):
  

Rendering rescues/layout (not_found)
  [4;36;1mSQL (1.0ms)[0m   [0;1mSET NAMES 'utf8'[0m
  [4;35;1mSQL (0.0ms)[0m   [0mSET SQL_AUTO_IS_NULL=0[0m


Processing ProductsController#index (for 127.0.0.1 at 2010-09-26 13:55:16) [GET]
  [4;36;1mProduct Load (30.0ms)[0m   [0;1mSELECT * FROM `products` [0m
Rendering template within layouts/products
Rendering products/index
  [4;35;1mProduct Columns (2.0ms)[0m   [0mSHOW FIELDS FROM `products`[0m
Completed in 2231ms (View: 2189, DB: 33) | 200 OK [http://localhost/products]
